(byebug) arg 
(byebug) 
(byebug) args
(byebug) args
(byebug) 
(byebug) 
(byebug) 
(byebug) 
(byebug) 
(byebug) 
(byebug) 
(byebug) 
(byebug) (byebug) (byebug) (byebug) (byebug) (byebug) (byebug) (byebug) (byebug) (byebug) (byebug) (byebug) (byebug) (byebug) (byebug) (byebug) (byebug) (byebug) (byebug) (byebug) (byebug) (byebug) (byebug) (byebug) (byebug) (byebug) (byebug) (byebug) (byebug) (byebug) (byebug) (byebug) (byebug) (byebug) (byebug) (byebug) (byebug) (byebug) (byebug) (byebug) (byebug) (byebug) (byebug) (byebug) (byebug) (byebug) (byebug) (byebug) (byebug) (byebug) (byebug) (byebug) args [K(byebug) (byebug) (byebug) (byebug) (byebug) (byebug) (byebug) (byebug) (byebug) (byebug) (byebug) (byebug) (byebug) (byebug) (byebug) (byebug) (byebug) (byebug) (byebug) (byebug) (byebug) (byebug) (byebug) (byebug) (byebug) (byebug) (byebug) (byebug) ex(byebug) (byebug) sdfsdf
#<Rake::TaskArguments account_id: 1>
(byebug) (byebug) (byebug) [K(byebug) 
[1, 10] in /Users/mac/Desktop/Projects/homework-market/lib/tasks/bidding.rake
    1: namespace :automate do
    2:   desc 'Grab hotwire confirmation code'
    3:   task :bidding, [:account_id] => :environment do |t, args|
    4:     byebug
=>  5:     account = Account.find(args.account_id)
    6:     session = Capybara::Session.new(:headless_chrome)
    7:     account.update(pid: Process.pid)
    8:     filters = account.filters
    9: 
   10:     session.visit 'https://www.homeworkmarket.com/student-auth-wizard?authOption=sign-in'
nil
nil
#<Rake::TaskArguments >
#<Rake::TaskArguments >
#<Rake::TaskArguments >
#<Rake::TaskArguments >
#<Rake::TaskArguments >
#<Rake::TaskArguments >
#<Rake::TaskArguments >
#<Rake::TaskArguments >
#<Rake::TaskArguments >
#<Rake::TaskArguments >
^C
^C
^C
^C
^C
^C
^C
^C
^C
^C
^C
^C
^C
^C
^C
^C
^C
^C
^C
^C
^C
^C
^C
^C
^C
^C
^C
^C
^C
^C
^C
^C
^C
^C
^C
^C
^C
^C
^C
^C
^C
^C
^C
^C
^C
^C
^C
^C
^C
^C
^C
^C
^C
^C
^C
^C
^C
^C
^C
^C
^C
^C
^C
^C
^C
^C
^C
^C
^C
^C
^C
^C
^C
^C
^C
^C
^C
^C
^C
^C
^C
^C
^C
^C
--- ERROR REPORT TEMPLATE -------------------------------------------------------
# Error Report

## Questions

Please fill out answers to these questions, it'll help us figure out
why things are going wrong.

- **What did you do?**

  I ran the command `/Users/mac/.rbenv/versions/2.5.3/bin/rake automate:bidding \[1]\ RAILS_ENV=development --trace`

- **What did you expect to happen?**

  I expected Bundler to...

- **What happened instead?**

  Instead, what happened was...

- **Have you tried any solutions posted on similar issues in our issue tracker, stack overflow, or google?**

  I tried...

- **Have you read our issues document, https://github.com/bundler/bundler/blob/master/doc/contributing/ISSUES.md?**

  ...

## Backtrace

```
Errno::EIO: Input/output error @ io_write - <STDERR>
  /Users/mac/.rbenv/versions/2.5.3/lib/ruby/gems/2.5.0/gems/bundler-2.0.1/lib/bundler/ui/shell.rb:122:in `write'
  /Users/mac/.rbenv/versions/2.5.3/lib/ruby/gems/2.5.0/gems/bundler-2.0.1/lib/bundler/ui/shell.rb:122:in `print'
  /Users/mac/.rbenv/versions/2.5.3/lib/ruby/gems/2.5.0/gems/bundler-2.0.1/lib/bundler/ui/shell.rb:122:in `tell_err'
  /Users/mac/.rbenv/versions/2.5.3/lib/ruby/gems/2.5.0/gems/bundler-2.0.1/lib/bundler/ui/shell.rb:44:in `error'
  /Users/mac/.rbenv/versions/2.5.3/lib/ruby/gems/2.5.0/gems/bundler-2.0.1/lib/bundler/cli/exec.rb:79:in `rescue in kernel_load'
  /Users/mac/.rbenv/versions/2.5.3/lib/ruby/gems/2.5.0/gems/bundler-2.0.1/lib/bundler/cli/exec.rb:65:in `kernel_load'
  /Users/mac/.rbenv/versions/2.5.3/lib/ruby/gems/2.5.0/gems/bundler-2.0.1/lib/bundler/cli/exec.rb:28:in `run'
  /Users/mac/.rbenv/versions/2.5.3/lib/ruby/gems/2.5.0/gems/bundler-2.0.1/lib/bundler/cli.rb:463:in `exec'
  /Users/mac/.rbenv/versions/2.5.3/lib/ruby/gems/2.5.0/gems/bundler-2.0.1/lib/bundler/vendor/thor/lib/thor/command.rb:27:in `run'
  /Users/mac/.rbenv/versions/2.5.3/lib/ruby/gems/2.5.0/gems/bundler-2.0.1/lib/bundler/vendor/thor/lib/thor/invocation.rb:126:in `invoke_command'
  /Users/mac/.rbenv/versions/2.5.3/lib/ruby/gems/2.5.0/gems/bundler-2.0.1/lib/bundler/vendor/thor/lib/thor.rb:387:in `dispatch'
  /Users/mac/.rbenv/versions/2.5.3/lib/ruby/gems/2.5.0/gems/bundler-2.0.1/lib/bundler/cli.rb:27:in `dispatch'
  /Users/mac/.rbenv/versions/2.5.3/lib/ruby/gems/2.5.0/gems/bundler-2.0.1/lib/bundler/vendor/thor/lib/thor/base.rb:466:in `start'
  /Users/mac/.rbenv/versions/2.5.3/lib/ruby/gems/2.5.0/gems/bundler-2.0.1/lib/bundler/cli.rb:18:in `start'
  /Users/mac/.rbenv/versions/2.5.3/lib/ruby/gems/2.5.0/gems/bundler-2.0.1/exe/bundle:30:in `block in <top (required)>'
  /Users/mac/.rbenv/versions/2.5.3/lib/ruby/gems/2.5.0/gems/bundler-2.0.1/lib/bundler/friendly_errors.rb:124:in `with_friendly_errors'
  /Users/mac/.rbenv/versions/2.5.3/lib/ruby/gems/2.5.0/gems/bundler-2.0.1/exe/bundle:22:in `<top (required)>'
  /Users/mac/.rbenv/versions/2.5.3/bin/bundle:23:in `load'
  /Users/mac/.rbenv/versions/2.5.3/bin/bundle:23:in `<main>'
```

## Environment

```
Bundler       2.0.1
  Platforms   ruby, x86_64-darwin-19
Ruby          2.5.3p105 (2018-10-18 revision 65156) [x86_64-darwin19]
  Full Path   /Users/mac/.rbenv/versions/2.5.3/bin/ruby
  Config Dir  /Users/mac/.rbenv/versions/2.5.3/etc
RubyGems      2.7.6
  Gem Home    /Users/mac/.rbenv/versions/2.5.3/lib/ruby/gems/2.5.0
  Gem Path    /Users/mac/.rbenv/versions/2.5.3/lib/ruby/gems/2.5.0:/Users/mac/.gem/ruby/2.5.0
  User Path   /Users/mac/.gem/ruby/2.5.0
  Bin Dir     /Users/mac/.rbenv/versions/2.5.3/bin
OpenSSL       
  Compiled    OpenSSL 1.1.1d  10 Sep 2019
  Loaded      OpenSSL 1.1.1d  10 Sep 2019
  Cert File   /Users/mac/.rbenv/versions/2.5.3/openssl/ssl/cert.pem
  Cert Dir    /Users/mac/.rbenv/versions/2.5.3/openssl/ssl/certs
Tools         
  Git         2.25.0
  RVM         not installed
  rbenv       rbenv 1.1.2
  chruby      not installed
```

## Bundler Build Metadata

```
Built At          2019-01-04
Git SHA           d7ad2192f
Released Version  true
```

## Bundler settings

```
build.nokogiri
  Set for the current user (/Users/mac/.bundle/config): "--use-system-libraries --with-xml2-include=/usr/local/opt/libxml2/include/libxml2"
bin_path
  Set via BUNDLE_BIN_PATH: "/Users/mac/.rbenv/versions/2.5.3/lib/ruby/gems/2.5.0/gems/bundler-2.0.1/exe/bundle"
gemfile
  Set via BUNDLE_GEMFILE: "/Users/mac/Desktop/Projects/homework-market/Gemfile"
```

## Gemfile

### Gemfile

```ruby
source 'https://rubygems.org'
git_source(:github) { |repo| "https://github.com/#{repo}.git" }

ruby '2.5.3'

# Bundle edge Rails instead: gem 'rails', github: 'rails/rails'
gem 'rails', '~> 5.2.1'
# Use postgresql as the database for Active Record
gem 'pg', '>= 0.18', '< 2.0'
# Use Puma as the app server
gem 'puma', '~> 3.11'
# Use SCSS for stylesheets
gem 'sass-rails', '~> 5.0'
# Use Uglifier as compressor for JavaScript assets
gem 'uglifier', '>= 1.3.0'
# See https://github.com/rails/execjs#readme for more supported runtimes
# gem 'mini_racer', platforms: :ruby

# Use CoffeeScript for .coffee assets and views
gem 'coffee-rails', '~> 4.2'
# Turbolinks makes navigating your web application faster. Read more: https://github.com/turbolinks/turbolinks
gem 'turbolinks', '~> 5'
# Build JSON APIs with ease. Read more: https://github.com/rails/jbuilder
gem 'jbuilder', '~> 2.5'
# Use Redis adapter to run Action Cable in production
# gem 'redis', '~> 4.0'
# Use ActiveModel has_secure_password
# gem 'bcrypt', '~> 3.1.7'

# Use ActiveStorage variant
# gem 'mini_magick', '~> 4.8'

# Use Capistrano for deployment
# gem 'capistrano-rails', group: :development

# Reduces boot times through caching; required in config/boot.rb
gem 'bootsnap', '>= 1.1.0', require: false
gem 'devise'
gem 'activeadmin'
gem 'arctic_admin'
gem 'slack-ruby-client'

group :development, :test do
  # Call 'byebug' anywhere in the code to stop execution and get a debugger console
  gem 'byebug', platforms: [:mri, :mingw, :x64_mingw]
  gem 'dotenv-rails'
end

group :production do
  gem 'exception_notification'
end

group :development do
  # Access an interactive console on exception pages or by calling 'console' anywhere in the code.
  gem 'web-console', '>= 3.3.0'
  gem 'listen', '>= 3.0.5', '< 3.2'
  # Spring speeds up development by keeping your application running in the background. Read more: https://github.com/rails/spring
  gem 'spring'
  gem 'spring-watcher-listen', '~> 2.0.0'

  gem 'capistrano',          require: false
  gem 'capistrano-rbenv',    require: false
  gem 'capistrano-rails',    require: false
  gem 'capistrano-bundler',  require: false
  gem 'capistrano3-puma',    require: false
  gem 'capistrano-db-tasks', require: false
end

# Adds support for Capybara system testing and selenium driver
gem 'capybara', '>= 2.15'
gem 'selenium-webdriver'
# Easy installation and use of chromedriver to run system tests with Chrome
gem 'chromedriver-helper'

# Windows does not include zoneinfo files, so bundle the tzinfo-data gem
gem 'tzinfo-data', platforms: [:mingw, :mswin, :x64_mingw, :jruby]
```

### Gemfile.lock

```
GEM
  remote: https://rubygems.org/
  specs:
    actioncable (5.2.2)
      actionpack (= 5.2.2)
      nio4r (~> 2.0)
      websocket-driver (>= 0.6.1)
    actionmailer (5.2.2)
      actionpack (= 5.2.2)
      actionview (= 5.2.2)
      activejob (= 5.2.2)
      mail (~> 2.5, >= 2.5.4)
      rails-dom-testing (~> 2.0)
    actionpack (5.2.2)
      actionview (= 5.2.2)
      activesupport (= 5.2.2)
      rack (~> 2.0)
      rack-test (>= 0.6.3)
      rails-dom-testing (~> 2.0)
      rails-html-sanitizer (~> 1.0, >= 1.0.2)
    actionview (5.2.2)
      activesupport (= 5.2.2)
      builder (~> 3.1)
      erubi (~> 1.4)
      rails-dom-testing (~> 2.0)
      rails-html-sanitizer (~> 1.0, >= 1.0.3)
    activeadmin (1.4.3)
      arbre (>= 1.1.1)
      coffee-rails
      formtastic (~> 3.1)
      formtastic_i18n
      inherited_resources (>= 1.9.0)
      jquery-rails (>= 4.2.0)
      kaminari (>= 0.15)
      railties (>= 4.2, < 5.3)
      ransack (>= 1.8.7)
      sass (~> 3.1)
      sprockets (< 4.1)
    activejob (5.2.2)
      activesupport (= 5.2.2)
      globalid (>= 0.3.6)
    activemodel (5.2.2)
      activesupport (= 5.2.2)
    activerecord (5.2.2)
      activemodel (= 5.2.2)
      activesupport (= 5.2.2)
      arel (>= 9.0)
    activestorage (5.2.2)
      actionpack (= 5.2.2)
      activerecord (= 5.2.2)
      marcel (~> 0.3.1)
    activesupport (5.2.2)
      concurrent-ruby (~> 1.0, >= 1.0.2)
      i18n (>= 0.7, < 2)
      minitest (~> 5.1)
      tzinfo (~> 1.1)
    addressable (2.6.0)
      public_suffix (>= 2.0.2, < 4.0)
    airbrussh (1.3.1)
      sshkit (>= 1.6.1, != 1.7.0)
    arbre (1.1.1)
      activesupport (>= 3.0.0)
    archive-zip (0.11.0)
      io-like (~> 0.3.0)
    arctic_admin (1.5.2)
      activeadmin (>= 1.1.0, < 2.0)
      font-awesome-rails
      jquery-rails
    arel (9.0.0)
    bcrypt (3.1.12)
    bindex (0.5.0)
    bootsnap (1.3.2)
      msgpack (~> 1.0)
    builder (3.2.3)
    byebug (10.0.2)
    capistrano (3.11.0)
      airbrussh (>= 1.0.0)
      i18n
      rake (>= 10.0.0)
      sshkit (>= 1.9.0)
    capistrano-bundler (1.5.0)
      capistrano (~> 3.1)
    capistrano-db-tasks (0.6)
      capistrano (>= 3.0.0)
    capistrano-rails (1.4.0)
      capistrano (~> 3.1)
      capistrano-bundler (~> 1.1)
    capistrano-rbenv (2.1.4)
      capistrano (~> 3.1)
      sshkit (~> 1.3)
    capistrano3-puma (3.1.1)
      capistrano (~> 3.7)
      capistrano-bundler
      puma (~> 3.4)
    capybara (3.13.2)
      addressable
      mini_mime (>= 0.1.3)
      nokogiri (~> 1.8)
      rack (>= 1.6.0)
      rack-test (>= 0.6.3)
      regexp_parser (~> 1.2)
      xpath (~> 3.2)
    childprocess (0.9.0)
      ffi (~> 1.0, >= 1.0.11)
    chromedriver-helper (2.1.0)
      archive-zip (~> 0.10)
      nokogiri (~> 1.8)
    coffee-rails (4.2.2)
      coffee-script (>= 2.2.0)
      railties (>= 4.0.0)
    coffee-script (2.4.1)
      coffee-script-source
      execjs
    coffee-script-source (1.12.2)
    concurrent-ruby (1.1.4)
    crass (1.0.4)
    devise (4.5.0)
      bcrypt (~> 3.0)
      orm_adapter (~> 0.1)
      railties (>= 4.1.0, < 6.0)
      responders
      warden (~> 1.2.3)
    dotenv (2.6.0)
    dotenv-rails (2.6.0)
      dotenv (= 2.6.0)
      railties (>= 3.2, < 6.0)
    erubi (1.8.0)
    exception_notification (4.3.0)
      actionmailer (>= 4.0, < 6)
      activesupport (>= 4.0, < 6)
    execjs (2.7.0)
    faraday (0.15.4)
      multipart-post (>= 1.2, < 3)
    faraday_middleware (0.13.1)
      faraday (>= 0.7.4, < 1.0)
    ffi (1.10.0)
    font-awesome-rails (4.7.0.4)
      railties (>= 3.2, < 6.0)
    formtastic (3.1.5)
      actionpack (>= 3.2.13)
    formtastic_i18n (0.6.0)
    gli (2.18.0)
    globalid (0.4.2)
      activesupport (>= 4.2.0)
    has_scope (0.7.2)
      actionpack (>= 4.1)
      activesupport (>= 4.1)
    hashie (3.6.0)
    i18n (1.5.3)
      concurrent-ruby (~> 1.0)
    inherited_resources (1.9.0)
      actionpack (>= 4.2, < 5.3)
      has_scope (~> 0.6)
      railties (>= 4.2, < 5.3)
      responders
    io-like (0.3.0)
    jbuilder (2.8.0)
      activesupport (>= 4.2.0)
      multi_json (>= 1.2)
    jquery-rails (4.3.3)
      rails-dom-testing (>= 1, < 3)
      railties (>= 4.2.0)
      thor (>= 0.14, < 2.0)
    kaminari (1.1.1)
      activesupport (>= 4.1.0)
      kaminari-actionview (= 1.1.1)
      kaminari-activerecord (= 1.1.1)
      kaminari-core (= 1.1.1)
    kaminari-actionview (1.1.1)
      actionview
      kaminari-core (= 1.1.1)
    kaminari-activerecord (1.1.1)
      activerecord
      kaminari-core (= 1.1.1)
    kaminari-core (1.1.1)
    listen (3.1.5)
      rb-fsevent (~> 0.9, >= 0.9.4)
      rb-inotify (~> 0.9, >= 0.9.7)
      ruby_dep (~> 1.2)
    loofah (2.2.3)
      crass (~> 1.0.2)
      nokogiri (>= 1.5.9)
    mail (2.7.1)
      mini_mime (>= 0.1.1)
    marcel (0.3.3)
      mimemagic (~> 0.3.2)
    method_source (0.9.2)
    mimemagic (0.3.3)
    mini_mime (1.0.1)
    mini_portile2 (2.4.0)
    minitest (5.11.3)
    msgpack (1.2.6)
    multi_json (1.13.1)
    multipart-post (2.0.0)
    net-scp (1.2.1)
      net-ssh (>= 2.6.5)
    net-ssh (5.1.0)
    nio4r (2.3.1)
    nokogiri (1.10.1)
      mini_portile2 (~> 2.4.0)
    orm_adapter (0.5.0)
    pg (1.1.4)
    public_suffix (3.0.3)
    puma (3.12.0)
    rack (2.0.6)
    rack-test (1.1.0)
      rack (>= 1.0, < 3)
    rails (5.2.2)
      actioncable (= 5.2.2)
      actionmailer (= 5.2.2)
      actionpack (= 5.2.2)
      actionview (= 5.2.2)
      activejob (= 5.2.2)
      activemodel (= 5.2.2)
      activerecord (= 5.2.2)
      activestorage (= 5.2.2)
      activesupport (= 5.2.2)
      bundler (>= 1.3.0)
      railties (= 5.2.2)
      sprockets-rails (>= 2.0.0)
    rails-dom-testing (2.0.3)
      activesupport (>= 4.2.0)
      nokogiri (>= 1.6)
    rails-html-sanitizer (1.0.4)
      loofah (~> 2.2, >= 2.2.2)
    railties (5.2.2)
      actionpack (= 5.2.2)
      activesupport (= 5.2.2)
      method_source
      rake (>= 0.8.7)
      thor (>= 0.19.0, < 2.0)
    rake (12.3.2)
    ransack (2.1.1)
      actionpack (>= 5.0)
      activerecord (>= 5.0)
      activesupport (>= 5.0)
      i18n
    rb-fsevent (0.10.3)
    rb-inotify (0.10.0)
      ffi (~> 1.0)
    regexp_parser (1.3.0)
    responders (2.4.0)
      actionpack (>= 4.2.0, < 5.3)
      railties (>= 4.2.0, < 5.3)
    ruby_dep (1.5.0)
    rubyzip (1.2.2)
    sass (3.7.3)
      sass-listen (~> 4.0.0)
    sass-listen (4.0.0)
      rb-fsevent (~> 0.9, >= 0.9.4)
      rb-inotify (~> 0.9, >= 0.9.7)
    sass-rails (5.0.7)
      railties (>= 4.0.0, < 6)
      sass (~> 3.1)
      sprockets (>= 2.8, < 4.0)
      sprockets-rails (>= 2.0, < 4.0)
      tilt (>= 1.1, < 3)
    selenium-webdriver (3.141.0)
      childprocess (~> 0.5)
      rubyzip (~> 1.2, >= 1.2.2)
    slack-ruby-client (0.14.1)
      activesupport
      faraday (>= 0.9)
      faraday_middleware
      gli
      hashie
      websocket-driver
    spring (2.0.2)
      activesupport (>= 4.2)
    spring-watcher-listen (2.0.1)
      listen (>= 2.7, < 4.0)
      spring (>= 1.2, < 3.0)
    sprockets (3.7.2)
      concurrent-ruby (~> 1.0)
      rack (> 1, < 3)
    sprockets-rails (3.2.1)
      actionpack (>= 4.0)
      activesupport (>= 4.0)
      sprockets (>= 3.0.0)
    sshkit (1.18.2)
      net-scp (>= 1.1.2)
      net-ssh (>= 2.8.0)
    thor (0.20.3)
    thread_safe (0.3.6)
    tilt (2.0.9)
    turbolinks (5.2.0)
      turbolinks-source (~> 5.2)
    turbolinks-source (5.2.0)
    tzinfo (1.2.5)
      thread_safe (~> 0.1)
    uglifier (4.1.20)
      execjs (>= 0.3.0, < 3)
    warden (1.2.8)
      rack (>= 2.0.6)
    web-console (3.7.0)
      actionview (>= 5.0)
      activemodel (>= 5.0)
      bindex (>= 0.4.0)
      railties (>= 5.0)
    websocket-driver (0.7.0)
      websocket-extensions (>= 0.1.0)
    websocket-extensions (0.1.3)
    xpath (3.2.0)
      nokogiri (~> 1.8)

PLATFORMS
  ruby

DEPENDENCIES
  activeadmin
  arctic_admin
  bootsnap (>= 1.1.0)
  byebug
  capistrano
  capistrano-bundler
  capistrano-db-tasks
  capistrano-rails
  capistrano-rbenv
  capistrano3-puma
  capybara (>= 2.15)
  chromedriver-helper
  coffee-rails (~> 4.2)
  devise
  dotenv-rails
  exception_notification
  jbuilder (~> 2.5)
  listen (>= 3.0.5, < 3.2)
  pg (>= 0.18, < 2.0)
  puma (~> 3.11)
  rails (~> 5.2.1)
  sass-rails (~> 5.0)
  selenium-webdriver
  slack-ruby-client
  spring
  spring-watcher-listen (~> 2.0.0)
  turbolinks (~> 5)
  tzinfo-data
  uglifier (>= 1.3.0)
  web-console (>= 3.3.0)

RUBY VERSION
   ruby 2.5.3p105

BUNDLED WITH
   2.0.1
```

--- TEMPLATE END ----------------------------------------------------------------

